#
# There is insufficient memory for the Java Runtime Environment to continue.
# Native memory allocation (malloc) failed to allocate 1155376 bytes for Chunk::new
# Possible reasons:
#   The system is out of physical RAM or swap space
#   The process is running with CompressedOops enabled, and the Java Heap may be blocking the growth of the native heap
# Possible solutions:
#   Reduce memory load on the system
#   Increase physical memory or swap space
#   Check if swap backing store is full
#   Decrease Java heap size (-Xmx/-Xms)
#   Decrease number of Java threads
#   Decrease Java thread stack sizes (-Xss)
#   Set larger code cache with -XX:ReservedCodeCacheSize=
#   JVM is running with Unscaled Compressed Oops mode in which the Java heap is
#     placed in the first 4GB address space. The Java Heap base address is the
#     maximum limit for the native heap growth. Please use -XX:HeapBaseMinAddress
#     to set the Java Heap base and to place the Java Heap above 4GB virtual address.
# This output file may be truncated or incomplete.
#
#  Out of Memory Error (arena.cpp:189), pid=8508, tid=4356
#
# JRE version: OpenJDK Runtime Environment Temurin-17.0.1+12 (17.0.1+12) (build 17.0.1+12)
# Java VM: OpenJDK 64-Bit Server VM Temurin-17.0.1+12 (17.0.1+12, mixed mode, tiered, compressed oops, compressed class ptrs, parallel gc, windows-amd64)
# No core dump will be written. Minidumps are not enabled by default on client versions of Windows
#

---------------  S U M M A R Y ------------

Command Line: --add-modules=ALL-SYSTEM --add-opens=java.base/java.util=ALL-UNNAMED --add-opens=java.base/java.lang=ALL-UNNAMED -Declipse.application=org.eclipse.jdt.ls.core.id1 -Dosgi.bundles.defaultStartLevel=4 -Declipse.product=org.eclipse.jdt.ls.core.product -Djava.import.generatesMetadataFilesAtProjectRoot=false -Dfile.encoding=utf8 -DwatchParentProcess=false -XX:+UseParallelGC -XX:GCTimeRatio=4 -XX:AdaptiveSizePolicyWeight=90 -Dsun.zip.disableMemoryMapping=true -Xmx1G -Xms100m c:\Users\Guilherme\.vscode\extensions\redhat.java-1.2.0\server\plugins\org.eclipse.equinox.launcher_1.6.400.v20210924-0641.jar -configuration c:\Users\Guilherme\AppData\Roaming\Code\User\globalStorage\redhat.java\1.2.0\config_ss_win -data c:\Users\Guilherme\AppData\Roaming\Code\User\workspaceStorage\ad1c93dc2154dd19e3f8267aa82ef496\redhat.java\ss_ws

Host: Intel(R) Core(TM) i7-8565U CPU @ 1.80GHz, 8 cores, 7G,  Windows 10 , 64 bit Build 22000 (10.0.22000.318)
Time: Tue Dec 28 22:51:12 2021 Hora oficial do Brasil elapsed time: 3.697320 seconds (0d 0h 0m 3s)

---------------  T H R E A D  ---------------

Current thread (0x00000157be0fbbd0):  JavaThread "C2 CompilerThread0" daemon [_thread_in_native, id=4356, stack(0x0000001e87300000,0x0000001e87400000)]


Current CompileTask:
C2:   3697 2696       4       jdk.internal.jrtfs.SystemImage$1::findNode (9 bytes)

Stack: [0x0000001e87300000,0x0000001e87400000]
Native frames: (J=compiled Java code, j=interpreted, Vv=VM code, C=native code)
V  [jvm.dll+0x6744da]
V  [jvm.dll+0x82e144]
V  [jvm.dll+0x82f8ee]
V  [jvm.dll+0x82ff53]
V  [jvm.dll+0x245175]
V  [jvm.dll+0xab85b]
V  [jvm.dll+0xabdec]
V  [jvm.dll+0x362eb2]
V  [jvm.dll+0x32d4c1]
V  [jvm.dll+0x32c96a]
V  [jvm.dll+0x218031]
V  [jvm.dll+0x217451]
V  [jvm.dll+0x1a355d]
V  [jvm.dll+0x226e38]
V  [jvm.dll+0x224f7c]
V  [jvm.dll+0x7e3f5b]
V  [jvm.dll+0x7de51a]
V  [jvm.dll+0x673305]
C  [ucrtbase.dll+0x26c0c]
C  [KERNEL32.DLL+0x154e0]
C  [ntdll.dll+0x485b]


---------------  P R O C E S S  ---------------

Threads class SMR info:
_java_thread_list=0x00000157c00ce000, length=21, elements={
0x00000157a7cb4880, 0x00000157bbb31260, 0x00000157bbb33e20, 0x00000157be0f6f10,
0x00000157be0f78d0, 0x00000157be0f8480, 0x00000157be0fae40, 0x00000157be0fbbd0,
0x00000157be0fce10, 0x00000157be107fe0, 0x00000157be1fdff0, 0x00000157be2cf650,
0x00000157be8f1950, 0x00000157be9c2f60, 0x00000157beb4e450, 0x00000157beb977c0,
0x00000157beaaca70, 0x00000157bed7a2c0, 0x00000157bed78cb0, 0x00000157bed75c90,
0x00000157bed78310
}

Java Threads: ( => current thread )
  0x00000157a7cb4880 JavaThread "main" [_thread_blocked, id=10008, stack(0x0000001e86a00000,0x0000001e86b00000)]
  0x00000157bbb31260 JavaThread "Reference Handler" daemon [_thread_blocked, id=8108, stack(0x0000001e86d00000,0x0000001e86e00000)]
  0x00000157bbb33e20 JavaThread "Finalizer" daemon [_thread_blocked, id=1020, stack(0x0000001e86e00000,0x0000001e86f00000)]
  0x00000157be0f6f10 JavaThread "Signal Dispatcher" daemon [_thread_blocked, id=18076, stack(0x0000001e86f00000,0x0000001e87000000)]
  0x00000157be0f78d0 JavaThread "Attach Listener" daemon [_thread_blocked, id=8196, stack(0x0000001e87000000,0x0000001e87100000)]
  0x00000157be0f8480 JavaThread "Service Thread" daemon [_thread_blocked, id=5056, stack(0x0000001e87100000,0x0000001e87200000)]
  0x00000157be0fae40 JavaThread "Monitor Deflation Thread" daemon [_thread_blocked, id=12084, stack(0x0000001e87200000,0x0000001e87300000)]
=>0x00000157be0fbbd0 JavaThread "C2 CompilerThread0" daemon [_thread_in_native, id=4356, stack(0x0000001e87300000,0x0000001e87400000)]
  0x00000157be0fce10 JavaThread "C1 CompilerThread0" daemon [_thread_in_native, id=8148, stack(0x0000001e87400000,0x0000001e87500000)]
  0x00000157be107fe0 JavaThread "Sweeper thread" daemon [_thread_blocked, id=16912, stack(0x0000001e87500000,0x0000001e87600000)]
  0x00000157be1fdff0 JavaThread "Common-Cleaner" daemon [_thread_blocked, id=3164, stack(0x0000001e87600000,0x0000001e87700000)]
  0x00000157be2cf650 JavaThread "Notification Thread" daemon [_thread_blocked, id=18748, stack(0x0000001e87700000,0x0000001e87800000)]
  0x00000157be8f1950 JavaThread "Active Thread: Equinox Container: 99e54a67-1cbb-4583-94a3-fa66307cf2c7" [_thread_blocked, id=7384, stack(0x0000001e87900000,0x0000001e87a00000)]
  0x00000157be9c2f60 JavaThread "Framework Event Dispatcher: Equinox Container: 99e54a67-1cbb-4583-94a3-fa66307cf2c7" daemon [_thread_blocked, id=8636, stack(0x0000001e87a00000,0x0000001e87b00000)]
  0x00000157beb4e450 JavaThread "Start Level: Equinox Container: 99e54a67-1cbb-4583-94a3-fa66307cf2c7" daemon [_thread_blocked, id=16540, stack(0x0000001e87b00000,0x0000001e87c00000)]
  0x00000157beb977c0 JavaThread "SCR Component Actor" daemon [_thread_blocked, id=19144, stack(0x0000001e87c00000,0x0000001e87d00000)]
  0x00000157beaaca70 JavaThread "Timer-0" [_thread_blocked, id=10348, stack(0x0000001e88300000,0x0000001e88400000)]
  0x00000157bed7a2c0 JavaThread "Worker-JM" [_thread_blocked, id=12112, stack(0x0000001e88400000,0x0000001e88500000)]
  0x00000157bed78cb0 JavaThread "Worker-0" [_thread_blocked, id=4344, stack(0x0000001e88500000,0x0000001e88600000)]
  0x00000157bed75c90 JavaThread "Worker-1: Initialize Workspace" [_thread_in_Java, id=12508, stack(0x0000001e88600000,0x0000001e88700000)]
  0x00000157bed78310 JavaThread "pool-1-thread-1" [_thread_in_native, id=18428, stack(0x0000001e88800000,0x0000001e88900000)]

Other Threads:
  0x00000157bbb2d170 VMThread "VM Thread" [stack: 0x0000001e86c00000,0x0000001e86d00000] [id=16808]
  0x00000157be2cfb20 WatcherThread [stack: 0x0000001e87800000,0x0000001e87900000] [id=7120]
  0x00000157a7ccb460 GCTaskThread "GC Thread#0" [stack: 0x0000001e86b00000,0x0000001e86c00000] [id=19420]
  0x00000157be36b450 GCTaskThread "GC Thread#1" [stack: 0x0000001e87d00000,0x0000001e87e00000] [id=17292]
  0x00000157bea170b0 GCTaskThread "GC Thread#2" [stack: 0x0000001e87e00000,0x0000001e87f00000] [id=9496]
  0x00000157beb8c950 GCTaskThread "GC Thread#3" [stack: 0x0000001e87f00000,0x0000001e88000000] [id=10036]
  0x00000157bea43f20 GCTaskThread "GC Thread#4" [stack: 0x0000001e88000000,0x0000001e88100000] [id=15232]
  0x00000157bea44c90 GCTaskThread "GC Thread#5" [stack: 0x0000001e88100000,0x0000001e88200000] [id=1708]
  0x00000157bea44480 GCTaskThread "GC Thread#6" [stack: 0x0000001e88200000,0x0000001e88300000] [id=9636]
  0x00000157bea44f40 GCTaskThread "GC Thread#7" [stack: 0x0000001e88700000,0x0000001e88800000] [id=18128]

Threads with active compile tasks:
C2 CompilerThread0     3730 2696       4       jdk.internal.jrtfs.SystemImage$1::findNode (9 bytes)
C1 CompilerThread0     3730 2783       2       org.eclipse.jdt.internal.core.util.WeakHashSet::add (105 bytes)

VM state: not at safepoint (normal execution)

VM Mutex/Monitor currently owned by a thread: None

Heap address: 0x00000000c0000000, size: 1024 MB, Compressed Oops mode: 32-bit

CDS archive(s) not mapped
Compressed class space mapped at: 0x0000000100000000-0x0000000140000000, reserved size: 1073741824
Narrow klass base: 0x0000000000000000, Narrow klass shift: 3, Narrow klass range: 0x140000000

GC Precious Log:
 CPUs: 8 total, 8 available
 Memory: 8072M
 Large Page Support: Disabled
 NUMA Support: Disabled
 Compressed Oops: Enabled (32-bit)
 Alignments: Space 512K, Generation 512K, Heap 2M
 Heap Min Capacity: 100M
 Heap Initial Capacity: 100M
 Heap Max Capacity: 1G
 Pre-touch: Disabled
 Parallel Workers: 8

Heap:
 PSYoungGen      total 29696K, used 22938K [0x00000000eab00000, 0x00000000ecc00000, 0x0000000100000000)
  eden space 25600K, 73% used [0x00000000eab00000,0x00000000ebd681c0,0x00000000ec400000)
  from space 4096K, 99% used [0x00000000ec800000,0x00000000ecbfe668,0x00000000ecc00000)
  to   space 4096K, 0% used [0x00000000ec400000,0x00000000ec400000,0x00000000ec800000)
 ParOldGen       total 68608K, used 6280K [0x00000000c0000000, 0x00000000c4300000, 0x00000000eab00000)
  object space 68608K, 9% used [0x00000000c0000000,0x00000000c0622328,0x00000000c4300000)
 Metaspace       used 32482K, committed 33088K, reserved 1081344K
  class space    used 3311K, committed 3584K, reserved 1048576K

Card table byte_map: [0x00000157a7670000,0x00000157a7880000] _byte_map_base: 0x00000157a7070000

Marking Bits: (ParMarkBitMap*) 0x00007ffdb5de2a60
 Begin Bits: [0x00000157b9940000, 0x00000157ba940000)
 End Bits:   [0x00000157ba940000, 0x00000157bb940000)

Polling page: 0x00000157a5c50000

Metaspace:

Usage:
  Non-class:     28.49 MB used.
      Class:      3.23 MB used.
       Both:     31.72 MB used.

Virtual space:
  Non-class space:       32.00 MB reserved,      28.81 MB ( 90%) committed,  4 nodes.
      Class space:        1.00 GB reserved,       3.50 MB ( <1%) committed,  1 nodes.
             Both:        1.03 GB reserved,      32.31 MB (  3%) committed. 

Chunk freelists:
   Non-Class:  2.36 MB
       Class:  463.00 KB
        Both:  2.81 MB

MaxMetaspaceSize: unlimited
CompressedClassSpaceSize: 1.00 GB
Initial GC threshold: 21.00 MB
Current GC threshold: 35.00 MB
CDS: off
MetaspaceReclaimPolicy: balanced
 - commit_granule_bytes: 65536.
 - commit_granule_words: 8192.
 - virtual_space_node_default_size: 1048576.
 - enlarge_chunks_in_place: 1.
 - new_chunks_are_fully_committed: 0.
 - uncommit_free_chunks: 1.
 - use_allocation_guard: 0.
 - handle_deallocations: 1.


Internal statistics:

num_allocs_failed_limit: 3.
num_arena_births: 224.
num_arena_deaths: 0.
num_vsnodes_births: 5.
num_vsnodes_deaths: 0.
num_space_committed: 517.
num_space_uncommitted: 0.
num_chunks_returned_to_freelist: 3.
num_chunks_taken_from_freelist: 1144.
num_chunk_merges: 3.
num_chunk_splits: 788.
num_chunks_enlarged: 561.
num_purges: 0.
num_inconsistent_stats: 0.

CodeHeap 'non-profiled nmethods': size=120000Kb used=902Kb max_used=902Kb free=119097Kb
 bounds [0x00000157b2410000, 0x00000157b2680000, 0x00000157b9940000]
CodeHeap 'profiled nmethods': size=120000Kb used=5508Kb max_used=5508Kb free=114491Kb
 bounds [0x00000157aaee0000, 0x00000157ab450000, 0x00000157b2410000]
CodeHeap 'non-nmethods': size=5760Kb used=1238Kb max_used=1256Kb free=4521Kb
 bounds [0x00000157aa940000, 0x00000157aabb0000, 0x00000157aaee0000]
 total_blobs=3318 nmethods=2763 adapters=469
 compilation: enabled
              stopped_count=0, restarted_count=0
 full_count=0

Compilation events (20 events):
Event: 3.676 Thread 0x00000157be0fce10 2745       1       org.eclipse.jdt.internal.core.JavaElement::getJavaProject (5 bytes)
Event: 3.676 Thread 0x00000157be0fce10 nmethod 2745 0x00000157b24f0390 code [0x00000157b24f0520, 0x00000157b24f05f8]
Event: 3.676 Thread 0x00000157be0fce10 2746       1       org.eclipse.jdt.internal.core.JarPackageFragment::internalIsValidPackageName (2 bytes)
Event: 3.676 Thread 0x00000157be0fce10 nmethod 2746 0x00000157b24f0690 code [0x00000157b24f0820, 0x00000157b24f08f8]
Event: 3.677 Thread 0x00000157be0fce10 2747       2       org.eclipse.jdt.internal.compiler.classfmt.ClassFileStruct::u1At (16 bytes)
Event: 3.677 Thread 0x00000157be0fce10 nmethod 2747 0x00000157ab435310 code [0x00000157ab4354a0, 0x00000157ab4355d8]
Event: 3.679 Thread 0x00000157be0fce10 2748       3       java.util.Properties::loadConvert (540 bytes)
Event: 3.681 Thread 0x00000157be0fce10 nmethod 2748 0x00000157ab435690 code [0x00000157ab435980, 0x00000157ab436d98]
Event: 3.681 Thread 0x00000157be0fce10 2749       2       jdk.internal.jimage.BasicImageReader::getLocationIndex (52 bytes)
Event: 3.681 Thread 0x00000157be0fce10 nmethod 2749 0x00000157ab437410 code [0x00000157ab4375e0, 0x00000157ab437858]
Event: 3.681 Thread 0x00000157be0fce10 2750       2       jdk.internal.jimage.BasicImageReader::verifyLocation (39 bytes)
Event: 3.681 Thread 0x00000157be0fce10 nmethod 2750 0x00000157ab437a10 code [0x00000157ab437bc0, 0x00000157ab437d88]
Event: 3.682 Thread 0x00000157be0fce10 2751       1       org.eclipse.jdt.internal.core.PackageFragmentRoot::getElementType (2 bytes)
Event: 3.682 Thread 0x00000157be0fce10 nmethod 2751 0x00000157b24f0990 code [0x00000157b24f0b20, 0x00000157b24f0bf8]
Event: 3.682 Thread 0x00000157be0fce10 2752       2       org.eclipse.jdt.internal.compiler.classfmt.ClassFileStruct::utf8At (171 bytes)
Event: 3.682 Thread 0x00000157be0fce10 nmethod 2752 0x00000157ab437e90 code [0x00000157ab438040, 0x00000157ab4384c8]
Event: 3.683 Thread 0x00000157be0fce10 2753       2       jdk.internal.jimage.ImageReader$SharedImageReader$$Lambda$206/0x00000001003758b8::<init> (15 bytes)
Event: 3.683 Thread 0x00000157be0fce10 nmethod 2753 0x00000157ab438710 code [0x00000157ab4388a0, 0x00000157ab4389d8]
Event: 3.688 Thread 0x00000157be0fce10 2755       2       org.eclipse.jdt.internal.compiler.parser.Scanner::scanIdentifierOrKeywordWithBoundCheck (196 bytes)
Event: 3.689 Thread 0x00000157be0fce10 nmethod 2755 0x00000157ab438a90 code [0x00000157ab438c80, 0x00000157ab4390d8]

GC Heap History (10 events):
Event: 1.556 GC heap before
{Heap before GC invocations=1 (full 0):
 PSYoungGen      total 29696K, used 25600K [0x00000000eab00000, 0x00000000ecc00000, 0x0000000100000000)
  eden space 25600K, 100% used [0x00000000eab00000,0x00000000ec400000,0x00000000ec400000)
  from space 4096K, 0% used [0x00000000ec800000,0x00000000ec800000,0x00000000ecc00000)
  to   space 4096K, 0% used [0x00000000ec400000,0x00000000ec400000,0x00000000ec800000)
 ParOldGen       total 68608K, used 0K [0x00000000c0000000, 0x00000000c4300000, 0x00000000eab00000)
  object space 68608K, 0% used [0x00000000c0000000,0x00000000c0000000,0x00000000c4300000)
 Metaspace       used 13227K, committed 13440K, reserved 1064960K
  class space    used 1352K, committed 1472K, reserved 1048576K
}
Event: 1.564 GC heap after
{Heap after GC invocations=1 (full 0):
 PSYoungGen      total 29696K, used 3920K [0x00000000eab00000, 0x00000000ecc00000, 0x0000000100000000)
  eden space 25600K, 0% used [0x00000000eab00000,0x00000000eab00000,0x00000000ec400000)
  from space 4096K, 95% used [0x00000000ec400000,0x00000000ec7d43b8,0x00000000ec800000)
  to   space 4096K, 0% used [0x00000000ec800000,0x00000000ec800000,0x00000000ecc00000)
 ParOldGen       total 68608K, used 24K [0x00000000c0000000, 0x00000000c4300000, 0x00000000eab00000)
  object space 68608K, 0% used [0x00000000c0000000,0x00000000c0006000,0x00000000c4300000)
 Metaspace       used 13227K, committed 13440K, reserved 1064960K
  class space    used 1352K, committed 1472K, reserved 1048576K
}
Event: 2.186 GC heap before
{Heap before GC invocations=2 (full 0):
 PSYoungGen      total 29696K, used 20986K [0x00000000eab00000, 0x00000000ecc00000, 0x0000000100000000)
  eden space 25600K, 66% used [0x00000000eab00000,0x00000000ebbaa590,0x00000000ec400000)
  from space 4096K, 95% used [0x00000000ec400000,0x00000000ec7d43b8,0x00000000ec800000)
  to   space 4096K, 0% used [0x00000000ec800000,0x00000000ec800000,0x00000000ecc00000)
 ParOldGen       total 68608K, used 24K [0x00000000c0000000, 0x00000000c4300000, 0x00000000eab00000)
  object space 68608K, 0% used [0x00000000c0000000,0x00000000c0006000,0x00000000c4300000)
 Metaspace       used 21103K, committed 21504K, reserved 1073152K
  class space    used 2154K, committed 2304K, reserved 1048576K
}
Event: 2.190 GC heap after
{Heap after GC invocations=2 (full 0):
 PSYoungGen      total 29696K, used 4070K [0x00000000eab00000, 0x00000000ecc00000, 0x0000000100000000)
  eden space 25600K, 0% used [0x00000000eab00000,0x00000000eab00000,0x00000000ec400000)
  from space 4096K, 99% used [0x00000000ec800000,0x00000000ecbf9968,0x00000000ecc00000)
  to   space 4096K, 0% used [0x00000000ec400000,0x00000000ec400000,0x00000000ec800000)
 ParOldGen       total 68608K, used 2249K [0x00000000c0000000, 0x00000000c4300000, 0x00000000eab00000)
  object space 68608K, 3% used [0x00000000c0000000,0x00000000c02325a0,0x00000000c4300000)
 Metaspace       used 21103K, committed 21504K, reserved 1073152K
  class space    used 2154K, committed 2304K, reserved 1048576K
}
Event: 2.190 GC heap before
{Heap before GC invocations=3 (full 1):
 PSYoungGen      total 29696K, used 4070K [0x00000000eab00000, 0x00000000ecc00000, 0x0000000100000000)
  eden space 25600K, 0% used [0x00000000eab00000,0x00000000eab00000,0x00000000ec400000)
  from space 4096K, 99% used [0x00000000ec800000,0x00000000ecbf9968,0x00000000ecc00000)
  to   space 4096K, 0% used [0x00000000ec400000,0x00000000ec400000,0x00000000ec800000)
 ParOldGen       total 68608K, used 2249K [0x00000000c0000000, 0x00000000c4300000, 0x00000000eab00000)
  object space 68608K, 3% used [0x00000000c0000000,0x00000000c02325a0,0x00000000c4300000)
 Metaspace       used 21103K, committed 21504K, reserved 1073152K
  class space    used 2154K, committed 2304K, reserved 1048576K
}
Event: 2.208 GC heap after
{Heap after GC invocations=3 (full 1):
 PSYoungGen      total 29696K, used 0K [0x00000000eab00000, 0x00000000ecc00000, 0x0000000100000000)
  eden space 25600K, 0% used [0x00000000eab00000,0x00000000eab00000,0x00000000ec400000)
  from space 4096K, 0% used [0x00000000ec800000,0x00000000ec800000,0x00000000ecc00000)
  to   space 4096K, 0% used [0x00000000ec400000,0x00000000ec400000,0x00000000ec800000)
 ParOldGen       total 68608K, used 6240K [0x00000000c0000000, 0x00000000c4300000, 0x00000000eab00000)
  object space 68608K, 9% used [0x00000000c0000000,0x00000000c0618328,0x00000000c4300000)
 Metaspace       used 21103K, committed 21504K, reserved 1073152K
  class space    used 2154K, committed 2304K, reserved 1048576K
}
Event: 3.211 GC heap before
{Heap before GC invocations=4 (full 1):
 PSYoungGen      total 29696K, used 25600K [0x00000000eab00000, 0x00000000ecc00000, 0x0000000100000000)
  eden space 25600K, 100% used [0x00000000eab00000,0x00000000ec400000,0x00000000ec400000)
  from space 4096K, 0% used [0x00000000ec800000,0x00000000ec800000,0x00000000ecc00000)
  to   space 4096K, 0% used [0x00000000ec400000,0x00000000ec400000,0x00000000ec800000)
 ParOldGen       total 68608K, used 6240K [0x00000000c0000000, 0x00000000c4300000, 0x00000000eab00000)
  object space 68608K, 9% used [0x00000000c0000000,0x00000000c0618328,0x00000000c4300000)
 Metaspace       used 28373K, committed 28864K, reserved 1081344K
  class space    used 2846K, committed 3008K, reserved 1048576K
}
Event: 3.212 GC heap after
{Heap after GC invocations=4 (full 1):
 PSYoungGen      total 29696K, used 1748K [0x00000000eab00000, 0x00000000ecc00000, 0x0000000100000000)
  eden space 25600K, 0% used [0x00000000eab00000,0x00000000eab00000,0x00000000ec400000)
  from space 4096K, 42% used [0x00000000ec400000,0x00000000ec5b52c0,0x00000000ec800000)
  to   space 4096K, 0% used [0x00000000ec800000,0x00000000ec800000,0x00000000ecc00000)
 ParOldGen       total 68608K, used 6248K [0x00000000c0000000, 0x00000000c4300000, 0x00000000eab00000)
  object space 68608K, 9% used [0x00000000c0000000,0x00000000c061a328,0x00000000c4300000)
 Metaspace       used 28373K, committed 28864K, reserved 1081344K
  class space    used 2846K, committed 3008K, reserved 1048576K
}
Event: 3.646 GC heap before
{Heap before GC invocations=5 (full 1):
 PSYoungGen      total 29696K, used 27348K [0x00000000eab00000, 0x00000000ecc00000, 0x0000000100000000)
  eden space 25600K, 100% used [0x00000000eab00000,0x00000000ec400000,0x00000000ec400000)
  from space 4096K, 42% used [0x00000000ec400000,0x00000000ec5b52c0,0x00000000ec800000)
  to   space 4096K, 0% used [0x00000000ec800000,0x00000000ec800000,0x00000000ecc00000)
 ParOldGen       total 68608K, used 6248K [0x00000000c0000000, 0x00000000c4300000, 0x00000000eab00000)
  object space 68608K, 9% used [0x00000000c0000000,0x00000000c061a328,0x00000000c4300000)
 Metaspace       used 32419K, committed 33024K, reserved 1081344K
  class space    used 3306K, committed 3584K, reserved 1048576K
}
Event: 3.648 GC heap after
{Heap after GC invocations=5 (full 1):
 PSYoungGen      total 29696K, used 4089K [0x00000000eab00000, 0x00000000ecc00000, 0x0000000100000000)
  eden space 25600K, 0% used [0x00000000eab00000,0x00000000eab00000,0x00000000ec400000)
  from space 4096K, 99% used [0x00000000ec800000,0x00000000ecbfe668,0x00000000ecc00000)
  to   space 4096K, 0% used [0x00000000ec400000,0x00000000ec400000,0x00000000ec800000)
 ParOldGen       total 68608K, used 6280K [0x00000000c0000000, 0x00000000c4300000, 0x00000000eab00000)
  object space 68608K, 9% used [0x00000000c0000000,0x00000000c0622328,0x00000000c4300000)
 Metaspace       used 32419K, committed 33024K, reserved 1081344K
  class space    used 3306K, committed 3584K, reserved 1048576K
}

Deoptimization events (20 events):
Event: 3.597 Thread 0x00000157bed75c90 DEOPT PACKING pc=0x00000157b24ed200 sp=0x0000001e886fd7c0
Event: 3.597 Thread 0x00000157bed75c90 DEOPT UNPACKING pc=0x00000157aa9920a3 sp=0x0000001e886fd6a8 mode 2
Event: 3.597 Thread 0x00000157bed75c90 Uncommon trap: trap_request=0xffffffbe fr.pc=0x00000157b24ed200 relative=0x0000000000000aa0
Event: 3.597 Thread 0x00000157bed75c90 Uncommon trap: reason=profile_predicate action=maybe_recompile pc=0x00000157b24ed200 method=jdk.internal.jimage.ImageStringsReader.charsFromByteBuffer([CLjava/nio/ByteBuffer;)V @ 6 c2
Event: 3.597 Thread 0x00000157bed75c90 DEOPT PACKING pc=0x00000157b24ed200 sp=0x0000001e886fd7d0
Event: 3.597 Thread 0x00000157bed75c90 DEOPT UNPACKING pc=0x00000157aa9920a3 sp=0x0000001e886fd6b8 mode 2
Event: 3.597 Thread 0x00000157bed75c90 Uncommon trap: trap_request=0xffffffbe fr.pc=0x00000157b24ed200 relative=0x0000000000000aa0
Event: 3.597 Thread 0x00000157bed75c90 Uncommon trap: reason=profile_predicate action=maybe_recompile pc=0x00000157b24ed200 method=jdk.internal.jimage.ImageStringsReader.charsFromByteBuffer([CLjava/nio/ByteBuffer;)V @ 6 c2
Event: 3.597 Thread 0x00000157bed75c90 DEOPT PACKING pc=0x00000157b24ed200 sp=0x0000001e886fd7d0
Event: 3.597 Thread 0x00000157bed75c90 DEOPT UNPACKING pc=0x00000157aa9920a3 sp=0x0000001e886fd6b8 mode 2
Event: 3.598 Thread 0x00000157bed75c90 Uncommon trap: trap_request=0xffffffbe fr.pc=0x00000157b24eeba4 relative=0x0000000000000864
Event: 3.598 Thread 0x00000157bed75c90 Uncommon trap: reason=profile_predicate action=maybe_recompile pc=0x00000157b24eeba4 method=jdk.internal.jimage.ImageStringsReader.charsFromByteBuffer([CLjava/nio/ByteBuffer;)V @ 6 c2
Event: 3.598 Thread 0x00000157bed75c90 DEOPT PACKING pc=0x00000157b24eeba4 sp=0x0000001e886fd870
Event: 3.598 Thread 0x00000157bed75c90 DEOPT UNPACKING pc=0x00000157aa9920a3 sp=0x0000001e886fd7a0 mode 2
Event: 3.598 Thread 0x00000157bed75c90 Uncommon trap: trap_request=0xffffff45 fr.pc=0x00000157b2454a04 relative=0x00000000000001e4
Event: 3.598 Thread 0x00000157bed75c90 Uncommon trap: reason=unstable_if action=reinterpret pc=0x00000157b2454a04 method=java.util.HashMap.getNode(Ljava/lang/Object;)Ljava/util/HashMap$Node; @ 66 c2
Event: 3.598 Thread 0x00000157bed75c90 DEOPT PACKING pc=0x00000157b2454a04 sp=0x0000001e886fe180
Event: 3.598 Thread 0x00000157bed75c90 DEOPT UNPACKING pc=0x00000157aa9920a3 sp=0x0000001e886fe100 mode 2
Event: 3.679 Thread 0x00000157bed75c90 DEOPT PACKING pc=0x00000157ab29b675 sp=0x0000001e886fbe30
Event: 3.679 Thread 0x00000157bed75c90 DEOPT UNPACKING pc=0x00000157aa992843 sp=0x0000001e886fb318 mode 0

Classes unloaded (0 events):
No events

Classes redefined (0 events):
No events

Internal exceptions (20 events):
Event: 1.405 Thread 0x00000157a7cb4880 Exception <a 'java/lang/NoSuchMethodError'{0x00000000ebef37e0}: 'java.lang.Object java.lang.invoke.DirectMethodHandle$Holder.newInvokeSpecial(java.lang.Object, int, java.lang.Object)'> (0x00000000ebef37e0) 
thrown [e:\jenkins\tmp\workspace\build\src\src\hotspot\share\interpreter\linkResolver.cpp, line 766]
Event: 1.511 Thread 0x00000157a7cb4880 Exception <a 'java/lang/UnsatisfiedLinkError'{0x00000000ec1e7618}: 'void org.eclipse.equinox.launcher.JNIBridge._update_splash()'> (0x00000000ec1e7618) 
thrown [e:\jenkins\tmp\workspace\build\src\src\hotspot\share\prims\nativeLookup.cpp, line 543]
Event: 1.514 Thread 0x00000157beb4e450 Exception <a 'java/lang/NoSuchMethodError'{0x00000000ec2a5f40}: 'java.lang.Object java.lang.invoke.Invokers$Holder.linkToTargetMethod(java.lang.Object, java.lang.Object, java.lang.Object, int, java.lang.Object)'> (0x00000000ec2a5f40) 
thrown [e:\jenkins\tmp\workspace\build\src\src\hotspot\share\interpreter\linkResolver.cpp, line 766]
Event: 1.714 Thread 0x00000157beb4e450 Exception <a 'java/io/FileNotFoundException'{0x00000000eaecb6d0}> (0x00000000eaecb6d0) 
thrown [e:\jenkins\tmp\workspace\build\src\src\hotspot\share\prims\jni.cpp, line 516]
Event: 1.900 Thread 0x00000157beb4e450 Exception <a 'java/lang/NoSuchMethodError'{0x00000000eb33a0b0}: 'void java.lang.invoke.DirectMethodHandle$Holder.invokeInterface(java.lang.Object, java.lang.Object, java.lang.Object)'> (0x00000000eb33a0b0) 
thrown [e:\jenkins\tmp\workspace\build\src\src\hotspot\share\interpreter\linkResolver.cpp, line 766]
Event: 1.964 Thread 0x00000157beb4e450 Exception <a 'java/io/FileNotFoundException'{0x00000000eb50cff0}> (0x00000000eb50cff0) 
thrown [e:\jenkins\tmp\workspace\build\src\src\hotspot\share\prims\jni.cpp, line 516]
Event: 2.099 Thread 0x00000157beb4e450 Exception <a 'java/lang/NoSuchMethodError'{0x00000000eb845798}: 'int java.lang.invoke.DirectMethodHandle$Holder.invokeStaticInit(java.lang.Object, java.lang.Object, java.lang.Object)'> (0x00000000eb845798) 
thrown [e:\jenkins\tmp\workspace\build\src\src\hotspot\share\interpreter\linkResolver.cpp, line 766]
Event: 2.104 Thread 0x00000157beb4e450 Exception <a 'java/lang/IncompatibleClassChangeError'{0x00000000eb87b398}: Found class java.lang.Object, but interface was expected> (0x00000000eb87b398) 
thrown [e:\jenkins\tmp\workspace\build\src\src\hotspot\share\interpreter\linkResolver.cpp, line 833]
Event: 2.410 Thread 0x00000157beb4e450 Exception <a 'java/lang/ClassNotFoundException'{0x00000000ebbcfc98}: com/sun/org/apache/xerces/internal/impl/msg/spi/DOMMessagesProvider> (0x00000000ebbcfc98) 
thrown [e:\jenkins\tmp\workspace\build\src\src\hotspot\share\classfile\systemDictionary.cpp, line 256]
Event: 2.414 Thread 0x00000157beb4e450 Exception <a 'java/lang/ClassNotFoundException'{0x00000000ebbf7f28}: com/sun/org/apache/xerces/internal/impl/msg/spi/XMLSerializerMessagesProvider> (0x00000000ebbf7f28) 
thrown [e:\jenkins\tmp\workspace\build\src\src\hotspot\share\classfile\systemDictionary.cpp, line 256]
Event: 2.416 Thread 0x00000157beb4e450 Exception <a 'java/lang/ClassNotFoundException'{0x00000000ebc0c210}: com/sun/org/apache/xerces/internal/impl/msg/spi/XMLMessagesProvider> (0x00000000ebc0c210) 
thrown [e:\jenkins\tmp\workspace\build\src\src\hotspot\share\classfile\systemDictionary.cpp, line 256]
Event: 3.031 Thread 0x00000157beb4e450 Exception <a 'java/lang/ClassNotFoundException'{0x00000000ebef8688}: com/sun/org/apache/xml/internal/serializer/spi/XMLEntitiesProvider> (0x00000000ebef8688) 
thrown [e:\jenkins\tmp\workspace\build\src\src\hotspot\share\classfile\systemDictionary.cpp, line 256]
Event: 3.103 Thread 0x00000157beb4e450 Exception <a 'java/io/FileNotFoundException'{0x00000000ec101098}> (0x00000000ec101098) 
thrown [e:\jenkins\tmp\workspace\build\src\src\hotspot\share\prims\jni.cpp, line 516]
Event: 3.116 Thread 0x00000157beb4e450 Exception <a 'java/io/FileNotFoundException'{0x00000000ec13a5a0}> (0x00000000ec13a5a0) 
thrown [e:\jenkins\tmp\workspace\build\src\src\hotspot\share\prims\jni.cpp, line 516]
Event: 3.257 Thread 0x00000157a7cb4880 Exception <a 'java/lang/NoSuchMethodError'{0x00000000eac680c0}: 'java.lang.Object java.lang.invoke.DirectMethodHandle$Holder.newInvokeSpecial(java.lang.Object, java.lang.Object, java.lang.Object, java.lang.Object, java.lang.Object)'> (0x00000000eac680c0) 
thrown [e:\jenkins\tmp\workspace\build\src\src\hotspot\share\interpreter\linkResolver.cpp, line 766]
Event: 3.313 Thread 0x00000157bed78310 Exception <a 'java/io/FileNotFoundException'{0x00000000eae997d0}> (0x00000000eae997d0) 
thrown [e:\jenkins\tmp\workspace\build\src\src\hotspot\share\prims\jni.cpp, line 516]
Event: 3.464 Thread 0x00000157bed75c90 Exception <a 'java/lang/NoSuchMethodError'{0x00000000eb2f12b8}: 'java.lang.Object java.lang.invoke.Invokers$Holder.invoke_MT(java.lang.Object, java.lang.Object, java.lang.Object)'> (0x00000000eb2f12b8) 
thrown [e:\jenkins\tmp\workspace\build\src\src\hotspot\share\interpreter\linkResolver.cpp, line 766]
Event: 3.638 Thread 0x00000157bed75c90 Exception <a 'java/io/FileNotFoundException'{0x00000000ec3a7300}> (0x00000000ec3a7300) 
thrown [e:\jenkins\tmp\workspace\build\src\src\hotspot\share\prims\jni.cpp, line 516]
Event: 3.638 Thread 0x00000157bed75c90 Exception <a 'java/io/FileNotFoundException'{0x00000000ec3a9150}> (0x00000000ec3a9150) 
thrown [e:\jenkins\tmp\workspace\build\src\src\hotspot\share\prims\jni.cpp, line 516]
Event: 3.640 Thread 0x00000157bed75c90 Exception <a 'java/lang/NoSuchMethodError'{0x00000000ec3b0be8}: 'void java.lang.invoke.DirectMethodHandle$Holder.invokeStaticInit(java.lang.Object, java.lang.Object, java.lang.Object)'> (0x00000000ec3b0be8) 
thrown [e:\jenkins\tmp\workspace\build\src\src\hotspot\share\interpreter\linkResolver.cpp, line 766]

VM Operations (20 events):
Event: 2.186 Executing VM operation: CollectForMetadataAllocation
Event: 2.208 Executing VM operation: CollectForMetadataAllocation done
Event: 2.432 Executing VM operation: HandshakeAllThreads
Event: 2.432 Executing VM operation: HandshakeAllThreads done
Event: 2.450 Executing VM operation: HandshakeAllThreads
Event: 2.450 Executing VM operation: HandshakeAllThreads done
Event: 3.059 Executing VM operation: HandshakeAllThreads
Event: 3.059 Executing VM operation: HandshakeAllThreads done
Event: 3.211 Executing VM operation: ParallelGCFailedAllocation
Event: 3.213 Executing VM operation: ParallelGCFailedAllocation done
Event: 3.447 Executing VM operation: HandshakeAllThreads
Event: 3.447 Executing VM operation: HandshakeAllThreads done
Event: 3.451 Executing VM operation: HandshakeAllThreads
Event: 3.451 Executing VM operation: HandshakeAllThreads done
Event: 3.476 Executing VM operation: HandshakeAllThreads
Event: 3.477 Executing VM operation: HandshakeAllThreads done
Event: 3.555 Executing VM operation: ICBufferFull
Event: 3.556 Executing VM operation: ICBufferFull done
Event: 3.646 Executing VM operation: ParallelGCFailedAllocation
Event: 3.649 Executing VM operation: ParallelGCFailedAllocation done

Events (20 events):
Event: 3.558 loading class java/util/regex/Pattern$BackRef
Event: 3.559 loading class java/util/regex/Pattern$BackRef done
Event: 3.559 loading class java/util/regex/Pattern$Curly
Event: 3.559 loading class java/util/regex/Pattern$Curly done
Event: 3.559 loading class java/util/regex/Pattern$GroupCurly
Event: 3.559 loading class java/util/regex/Pattern$GroupCurly done
Event: 3.559 loading class java/util/regex/Pattern$Dollar
Event: 3.559 loading class java/util/regex/Pattern$Dollar done
Event: 3.564 loading class java/lang/ThreadLocal$SuppliedThreadLocal
Event: 3.564 loading class java/lang/ThreadLocal$SuppliedThreadLocal done
Event: 3.588 loading class java/nio/channels/Channels
Event: 3.588 loading class java/nio/channels/Channels done
Event: 3.588 loading class java/nio/channels/Channels$ReadableByteChannelImpl
Event: 3.588 loading class java/nio/channels/Channels$ReadableByteChannelImpl done
Event: 3.589 loading class java/nio/channels/NonWritableChannelException
Event: 3.589 loading class java/nio/channels/NonWritableChannelException done
Event: 3.589 loading class sun/nio/ch/ChannelInputStream
Event: 3.589 loading class sun/nio/ch/ChannelInputStream done
Event: 3.589 loading class java/nio/channels/SelectableChannel
Event: 3.589 loading class java/nio/channels/SelectableChannel done


Dynamic libraries:
0x00007ff699260000 - 0x00007ff69926e000 	c:\Users\Guilherme\.vscode\extensions\redhat.java-1.2.0\jre\17.0.1-win32-x86_64\bin\java.exe
0x00007ffe03cc0000 - 0x00007ffe03ec7000 	C:\WINDOWS\SYSTEM32\ntdll.dll
0x00007ffe02130000 - 0x00007ffe021ed000 	C:\WINDOWS\System32\KERNEL32.DLL
0x00007ffe01530000 - 0x00007ffe018a4000 	C:\WINDOWS\System32\KERNELBASE.dll
0x00007ffe011a0000 - 0x00007ffe012b1000 	C:\WINDOWS\System32\ucrtbase.dll
0x00007ffdf0030000 - 0x00007ffdf0048000 	c:\Users\Guilherme\.vscode\extensions\redhat.java-1.2.0\jre\17.0.1-win32-x86_64\bin\jli.dll
0x00007ffe02ca0000 - 0x00007ffe02e4c000 	C:\WINDOWS\System32\USER32.dll
0x00007ffe012c0000 - 0x00007ffe012e6000 	C:\WINDOWS\System32\win32u.dll
0x00007ffe028f0000 - 0x00007ffe02919000 	C:\WINDOWS\System32\GDI32.dll
0x00007ffe01410000 - 0x00007ffe01522000 	C:\WINDOWS\System32\gdi32full.dll
0x00007ffe012f0000 - 0x00007ffe0138d000 	C:\WINDOWS\System32\msvcp_win.dll
0x00007ffdef8e0000 - 0x00007ffdef8f9000 	c:\Users\Guilherme\.vscode\extensions\redhat.java-1.2.0\jre\17.0.1-win32-x86_64\bin\VCRUNTIME140.dll
0x00007ffdeb510000 - 0x00007ffdeb7b5000 	C:\WINDOWS\WinSxS\amd64_microsoft.windows.common-controls_6595b64144ccf1df_6.0.22000.120_none_9d947278b86cc467\COMCTL32.dll
0x00007ffe03bc0000 - 0x00007ffe03c63000 	C:\WINDOWS\System32\msvcrt.dll
0x00007ffe03320000 - 0x00007ffe03351000 	C:\WINDOWS\System32\IMM32.DLL
0x00007ffdfbcc0000 - 0x00007ffdfbccc000 	c:\Users\Guilherme\.vscode\extensions\redhat.java-1.2.0\jre\17.0.1-win32-x86_64\bin\vcruntime140_1.dll
0x00007ffdc1340000 - 0x00007ffdc13d1000 	c:\Users\Guilherme\.vscode\extensions\redhat.java-1.2.0\jre\17.0.1-win32-x86_64\bin\msvcp140.dll
0x00007ffdb5260000 - 0x00007ffdb5ea6000 	c:\Users\Guilherme\.vscode\extensions\redhat.java-1.2.0\jre\17.0.1-win32-x86_64\bin\server\jvm.dll
0x00007ffe03360000 - 0x00007ffe0340c000 	C:\WINDOWS\System32\ADVAPI32.dll
0x00007ffe027c0000 - 0x00007ffe0285d000 	C:\WINDOWS\System32\sechost.dll
0x00007ffe01dd0000 - 0x00007ffe01ef1000 	C:\WINDOWS\System32\RPCRT4.dll
0x00007ffe02120000 - 0x00007ffe02128000 	C:\WINDOWS\System32\PSAPI.DLL
0x00007ffdefd10000 - 0x00007ffdefd19000 	C:\WINDOWS\SYSTEM32\WSOCK32.dll
0x00007ffe02020000 - 0x00007ffe0208f000 	C:\WINDOWS\System32\WS2_32.dll
0x00007ffdfbb60000 - 0x00007ffdfbb93000 	C:\WINDOWS\SYSTEM32\WINMM.dll
0x00007ffdf7a50000 - 0x00007ffdf7a5a000 	C:\WINDOWS\SYSTEM32\VERSION.dll
0x00007ffe00370000 - 0x00007ffe00388000 	C:\WINDOWS\SYSTEM32\kernel.appcore.dll
0x00007ffdfa320000 - 0x00007ffdfa32a000 	c:\Users\Guilherme\.vscode\extensions\redhat.java-1.2.0\jre\17.0.1-win32-x86_64\bin\jimage.dll
0x00007ffdfedb0000 - 0x00007ffdfefd1000 	C:\WINDOWS\SYSTEM32\DBGHELP.DLL
0x00007ffdea440000 - 0x00007ffdea471000 	C:\WINDOWS\SYSTEM32\dbgcore.DLL
0x00007ffe01390000 - 0x00007ffe0140f000 	C:\WINDOWS\System32\bcryptPrimitives.dll
0x00007ffdee9a0000 - 0x00007ffdee9c5000 	c:\Users\Guilherme\.vscode\extensions\redhat.java-1.2.0\jre\17.0.1-win32-x86_64\bin\java.dll
0x00007ffdee980000 - 0x00007ffdee998000 	c:\Users\Guilherme\.vscode\extensions\redhat.java-1.2.0\jre\17.0.1-win32-x86_64\bin\zip.dll
0x00007ffe03410000 - 0x00007ffe03bbe000 	C:\WINDOWS\System32\SHELL32.dll
0x00007ffdff310000 - 0x00007ffdffb77000 	C:\WINDOWS\SYSTEM32\windows.storage.dll
0x00007ffe023b0000 - 0x00007ffe02728000 	C:\WINDOWS\System32\combase.dll
0x00007ffdff1a0000 - 0x00007ffdff306000 	C:\WINDOWS\SYSTEM32\wintypes.dll
0x00007ffe02ac0000 - 0x00007ffe02baa000 	C:\WINDOWS\System32\SHCORE.dll
0x00007ffe01cc0000 - 0x00007ffe01d1d000 	C:\WINDOWS\System32\shlwapi.dll
0x00007ffe010d0000 - 0x00007ffe010f1000 	C:\WINDOWS\SYSTEM32\profapi.dll
0x00007ffdee850000 - 0x00007ffdee869000 	C:\Users\Guilherme\.vscode\extensions\redhat.java-1.2.0\jre\17.0.1-win32-x86_64\bin\net.dll
0x00007ffdfa470000 - 0x00007ffdfa57c000 	C:\WINDOWS\SYSTEM32\WINHTTP.dll
0x00007ffe007a0000 - 0x00007ffe00807000 	C:\WINDOWS\system32\mswsock.dll
0x00007ffdee830000 - 0x00007ffdee845000 	C:\Users\Guilherme\.vscode\extensions\redhat.java-1.2.0\jre\17.0.1-win32-x86_64\bin\nio.dll
0x00007ffe00a00000 - 0x00007ffe00a18000 	C:\WINDOWS\SYSTEM32\CRYPTSP.dll
0x00007ffe002d0000 - 0x00007ffe00305000 	C:\WINDOWS\system32\rsaenh.dll
0x00007ffe008b0000 - 0x00007ffe008d9000 	C:\WINDOWS\SYSTEM32\USERENV.dll
0x00007ffe00b80000 - 0x00007ffe00ba7000 	C:\WINDOWS\SYSTEM32\bcrypt.dll
0x00007ffe00a20000 - 0x00007ffe00a2c000 	C:\WINDOWS\SYSTEM32\CRYPTBASE.dll
0x00007ffdffef0000 - 0x00007ffdfff1d000 	C:\WINDOWS\SYSTEM32\IPHLPAPI.DLL
0x00007ffe02730000 - 0x00007ffe02739000 	C:\WINDOWS\System32\NSI.dll
0x00007ffdfa430000 - 0x00007ffdfa449000 	C:\WINDOWS\SYSTEM32\dhcpcsvc6.DLL
0x00007ffdfa770000 - 0x00007ffdfa78e000 	C:\WINDOWS\SYSTEM32\dhcpcsvc.DLL
0x00007ffdfff20000 - 0x00007ffe00007000 	C:\WINDOWS\SYSTEM32\DNSAPI.dll
0x00007ffded6f0000 - 0x00007ffded72e000 	C:\Users\Guilherme\AppData\Roaming\Code\User\globalStorage\redhat.java\1.2.0\config_ss_win\org.eclipse.equinox.launcher\org.eclipse.equinox.launcher.win32.win32.x86_64_1.2.400.v20211117-0650\eclipse_11602.dll
0x00007ffe02920000 - 0x00007ffe02aba000 	C:\WINDOWS\System32\ole32.dll
0x00007ffdfa230000 - 0x00007ffdfa240000 	c:\Users\Guilherme\.vscode\extensions\redhat.java-1.2.0\jre\17.0.1-win32-x86_64\bin\verify.dll
0x00007ffdee690000 - 0x00007ffdee6a1000 	C:\Users\Guilherme\AppData\Roaming\Code\User\globalStorage\redhat.java\1.2.0\config_ss_win\org.eclipse.osgi\15\0\.cp\jWinHttp-1.0.0.dll

dbghelp: loaded successfully - version: 4.0.5 - missing functions: none
symbol engine: initialized successfully - sym options: 0x614 - pdb path: .;c:\Users\Guilherme\.vscode\extensions\redhat.java-1.2.0\jre\17.0.1-win32-x86_64\bin;C:\WINDOWS\SYSTEM32;C:\WINDOWS\WinSxS\amd64_microsoft.windows.common-controls_6595b64144ccf1df_6.0.22000.120_none_9d947278b86cc467;c:\Users\Guilherme\.vscode\extensions\redhat.java-1.2.0\jre\17.0.1-win32-x86_64\bin\server;C:\Users\Guilherme\AppData\Roaming\Code\User\globalStorage\redhat.java\1.2.0\config_ss_win\org.eclipse.equinox.launcher\org.eclipse.equinox.launcher.win32.win32.x86_64_1.2.400.v20211117-0650;C:\Users\Guilherme\AppData\Roaming\Code\User\globalStorage\redhat.java\1.2.0\config_ss_win\org.eclipse.osgi\15\0\.cp

VM Arguments:
jvm_args: --add-modules=ALL-SYSTEM --add-opens=java.base/java.util=ALL-UNNAMED --add-opens=java.base/java.lang=ALL-UNNAMED -Declipse.application=org.eclipse.jdt.ls.core.id1 -Dosgi.bundles.defaultStartLevel=4 -Declipse.product=org.eclipse.jdt.ls.core.product -Djava.import.generatesMetadataFilesAtProjectRoot=false -Dfile.encoding=utf8 -DwatchParentProcess=false -XX:+UseParallelGC -XX:GCTimeRatio=4 -XX:AdaptiveSizePolicyWeight=90 -Dsun.zip.disableMemoryMapping=true -Xmx1G -Xms100m 
java_command: c:\Users\Guilherme\.vscode\extensions\redhat.java-1.2.0\server\plugins\org.eclipse.equinox.launcher_1.6.400.v20210924-0641.jar -configuration c:\Users\Guilherme\AppData\Roaming\Code\User\globalStorage\redhat.java\1.2.0\config_ss_win -data c:\Users\Guilherme\AppData\Roaming\Code\User\workspaceStorage\ad1c93dc2154dd19e3f8267aa82ef496\redhat.java\ss_ws
java_class_path (initial): c:\Users\Guilherme\.vscode\extensions\redhat.java-1.2.0\server\plugins\org.eclipse.equinox.launcher_1.6.400.v20210924-0641.jar
Launcher Type: SUN_STANDARD

[Global flags]
    uintx AdaptiveSizePolicyWeight                 = 90                                        {product} {command line}
     intx CICompilerCount                          = 4                                         {product} {ergonomic}
    uintx GCTimeRatio                              = 4                                         {product} {command line}
   size_t InitialHeapSize                          = 104857600                                 {product} {command line}
   size_t MaxHeapSize                              = 1073741824                                {product} {command line}
   size_t MaxNewSize                               = 357564416                                 {product} {ergonomic}
   size_t MinHeapDeltaBytes                        = 524288                                    {product} {ergonomic}
   size_t MinHeapSize                              = 104857600                                 {product} {command line}
   size_t NewSize                                  = 34603008                                  {product} {ergonomic}
    uintx NonNMethodCodeHeapSize                   = 5839372                                {pd product} {ergonomic}
    uintx NonProfiledCodeHeapSize                  = 122909434                              {pd product} {ergonomic}
   size_t OldSize                                  = 70254592                                  {product} {ergonomic}
    uintx ProfiledCodeHeapSize                     = 122909434                              {pd product} {ergonomic}
    uintx ReservedCodeCacheSize                    = 251658240                              {pd product} {ergonomic}
     bool SegmentedCodeCache                       = true                                      {product} {ergonomic}
   size_t SoftMaxHeapSize                          = 1073741824                             {manageable} {ergonomic}
     bool UseCompressedClassPointers               = true                           {product lp64_product} {ergonomic}
     bool UseCompressedOops                        = true                           {product lp64_product} {ergonomic}
     bool UseLargePagesIndividualAllocation        = false                                  {pd product} {ergonomic}
     bool UseParallelGC                            = true                                      {product} {command line}

Logging:
Log output configuration:
 #0: stdout all=warning uptime,level,tags
 #1: stderr all=off uptime,level,tags

Environment Variables:
JAVA_HOME=C:\Program Files\AdoptOpenJDK\jdk-11.0.10.9-hotspot\
PATH=C:\Program Files\Java\jdk1.7.0_80\bin;C:\Program Files (x86)\Common Files\Oracle\Java\javapath;C:\Windows\system32;C:\Windows;C:\Windows\System32\Wbem;C:\Windows\System32\WindowsPowerShell\v1.0\;C:\Windows\System32\OpenSSH\;C:\Program Files (x86)\NVIDIA Corporation\PhysX\Common;C:\Program Files\NVIDIA Corporation\NVIDIA NvDLISR;C:\Program Files\Git\cmd;C:\php-7.3;C:\Program Files (x86)\Java\jre1.8.0_281\bin;C:\Program Files\nodejs\;C:\Program Files\Docker\Docker\resources\bin;C:\ProgramData\DockerDesktop\version-bin;;%SystemRoot%\system32;%SystemRoot%;%SystemRoot%\System32\Wbem;%SYSTEMROOT%\System32\WindowsPowerShell\v1.0\;%SYSTEMROOT%\System32\OpenSSH\;C:\Users\Guilherme\AppData\Local\Programs\Python\Python39\Scripts\;C:\Users\Guilherme\AppData\Local\Programs\Python\Python39\;C:\Users\Guilherme\AppData\Local\Microsoft\WindowsApps;;C:\Users\Guilherme\AppData\Local\Programs\Microsoft VS Code\bin;C:\Users\Guilherme\AppData\Roaming\npm
USERNAME=Guilherme
OS=Windows_NT
PROCESSOR_IDENTIFIER=Intel64 Family 6 Model 142 Stepping 12, GenuineIntel



---------------  S Y S T E M  ---------------

OS:
 Windows 10 , 64 bit Build 22000 (10.0.22000.318)
OS uptime: 2 days 0:15 hours
Hyper-V role detected

CPU: total 8 (initial active 8) (4 cores per cpu, 2 threads per core) family 6 model 142 stepping 12 microcode 0xde, cx8, cmov, fxsr, ht, mmx, 3dnowpref, sse, sse2, sse3, ssse3, sse4.1, sse4.2, popcnt, lzcnt, tsc, tscinvbit, avx, avx2, aes, erms, clmul, bmi1, bmi2, adx, fma, vzeroupper, clflush, clflushopt, hv

Memory: 4k page, system-wide physical 8072M (284M free)
TotalPageFile size 32648M (AvailPageFile size 0M)
current process WorkingSet (physical memory assigned to process): 133M, peak: 133M
current process commit charge ("private bytes"): 239M, peak: 240M

vm_info: OpenJDK 64-Bit Server VM (17.0.1+12) for windows-amd64 JRE (17.0.1+12), built on Oct 20 2021 07:42:55 by "" with MS VC++ 16.7 (VS2019)

END.
